----------------------------------------------------------------
Wed Oct 20 10:46:04 CAT 2021:
Booting Derby version The Apache Software Foundation - Apache Derby - 10.14.2.0 - (1828579): instance a816c00e-017c-9ce1-02a5-000010c90200 
on database directory memory:C:\Users\User\Downloads\interstella-discovery\discovery\interstella_db with class loader jdk.internal.loader.ClassLoaders$AppClassLoader@77556fd 
Loaded from file:/C:/Users/User/.m2/repository/org/apache/derby/derby/10.14.2.0/derby-10.14.2.0.jar
java.vendor=Oracle Corporation
java.runtime.version=11.0.10+8-LTS-162
user.dir=C:\Users\User\Downloads\interstella-discovery
os.name=Windows 10
os.arch=amd64
os.version=10.0
derby.system.home=null
Database Class Loader started - derby.database.classpath=''
----------------------------------------------------------------
Wed Oct 20 10:55:35 CAT 2021:
Shutting down instance a816c00e-017c-9ce1-02a5-000010c90200 on database directory memory:C:\Users\User\Downloads\interstella-discovery\discovery\interstella_db with class loader jdk.internal.loader.ClassLoaders$AppClassLoader@77556fd 
----------------------------------------------------------------
Wed Oct 20 10:55:36 CAT 2021:
Booting Derby version The Apache Software Foundation - Apache Derby - 10.14.2.0 - (1828579): instance d1d381f4-017c-9ce1-02a5-000010c90200 
on database directory memory:C:\Users\User\Downloads\interstella-discovery\discovery\interstella_db with class loader jdk.internal.loader.ClassLoaders$AppClassLoader@77556fd 
Loaded from file:/C:/Users/User/.m2/repository/org/apache/derby/derby/10.14.2.0/derby-10.14.2.0.jar
java.vendor=Oracle Corporation
java.runtime.version=11.0.10+8-LTS-162
user.dir=C:\Users\User\Downloads\interstella-discovery
os.name=Windows 10
os.arch=amd64
os.version=10.0
derby.system.home=null
Database Class Loader started - derby.database.classpath=''
----------------------------------------------------------------
Wed Oct 20 10:57:34 CAT 2021:
Shutting down instance d1d381f4-017c-9ce1-02a5-000010c90200 on database directory memory:C:\Users\User\Downloads\interstella-discovery\discovery\interstella_db with class loader jdk.internal.loader.ClassLoaders$AppClassLoader@77556fd 
----------------------------------------------------------------
Wed Oct 20 10:57:35 CAT 2021:
Booting Derby version The Apache Software Foundation - Apache Derby - 10.14.2.0 - (1828579): instance 677602b1-017c-9ce1-02a5-000010c90200 
on database directory memory:C:\Users\User\Downloads\interstella-discovery\discovery\interstella_db with class loader jdk.internal.loader.ClassLoaders$AppClassLoader@77556fd 
Loaded from file:/C:/Users/User/.m2/repository/org/apache/derby/derby/10.14.2.0/derby-10.14.2.0.jar
java.vendor=Oracle Corporation
java.runtime.version=11.0.10+8-LTS-162
user.dir=C:\Users\User\Downloads\interstella-discovery
os.name=Windows 10
os.arch=amd64
os.version=10.0
derby.system.home=null
Database Class Loader started - derby.database.classpath=''
----------------------------------------------------------------
Wed Oct 20 11:09:46 CAT 2021:
Shutting down instance 677602b1-017c-9ce1-02a5-000010c90200 on database directory memory:C:\Users\User\Downloads\interstella-discovery\discovery\interstella_db with class loader jdk.internal.loader.ClassLoaders$AppClassLoader@77556fd 
----------------------------------------------------------------
Wed Oct 20 11:09:47 CAT 2021:
Booting Derby version The Apache Software Foundation - Apache Derby - 10.14.2.0 - (1828579): instance cfc50418-017c-9ce1-02a5-000010c90200 
on database directory memory:C:\Users\User\Downloads\interstella-discovery\discovery\interstella_db with class loader jdk.internal.loader.ClassLoaders$AppClassLoader@77556fd 
Loaded from file:/C:/Users/User/.m2/repository/org/apache/derby/derby/10.14.2.0/derby-10.14.2.0.jar
java.vendor=Oracle Corporation
java.runtime.version=11.0.10+8-LTS-162
user.dir=C:\Users\User\Downloads\interstella-discovery
os.name=Windows 10
os.arch=amd64
os.version=10.0
derby.system.home=null
Database Class Loader started - derby.database.classpath=''
----------------------------------------------------------------
Wed Oct 20 11:11:20 CAT 2021:
Shutting down instance cfc50418-017c-9ce1-02a5-000010c90200 on database directory memory:C:\Users\User\Downloads\interstella-discovery\discovery\interstella_db with class loader jdk.internal.loader.ClassLoaders$AppClassLoader@77556fd 
----------------------------------------------------------------
Wed Oct 20 11:11:21 CAT 2021:
Booting Derby version The Apache Software Foundation - Apache Derby - 10.14.2.0 - (1828579): instance 2a8c84d5-017c-9ce1-02a5-000010c90200 
on database directory memory:C:\Users\User\Downloads\interstella-discovery\discovery\interstella_db with class loader jdk.internal.loader.ClassLoaders$AppClassLoader@77556fd 
Loaded from file:/C:/Users/User/.m2/repository/org/apache/derby/derby/10.14.2.0/derby-10.14.2.0.jar
java.vendor=Oracle Corporation
java.runtime.version=11.0.10+8-LTS-162
user.dir=C:\Users\User\Downloads\interstella-discovery
os.name=Windows 10
os.arch=amd64
os.version=10.0
derby.system.home=null
Database Class Loader started - derby.database.classpath=''
----------------------------------------------------------------
Wed Oct 20 11:11:22 CAT 2021:
Shutting down instance 2a8c84d5-017c-9ce1-02a5-000010c90200 on database directory memory:C:\Users\User\Downloads\interstella-discovery\discovery\interstella_db with class loader jdk.internal.loader.ClassLoaders$AppClassLoader@77556fd 
----------------------------------------------------------------
Wed Oct 20 11:11:56 CAT 2021:
Booting Derby version The Apache Software Foundation - Apache Derby - 10.14.2.0 - (1828579): instance e8364592-017c-9ce1-02a5-000010c90200 
on database directory memory:C:\Users\User\Downloads\interstella-discovery\discovery\interstella_db with class loader jdk.internal.loader.ClassLoaders$AppClassLoader@77556fd 
Loaded from file:/C:/Users/User/.m2/repository/org/apache/derby/derby/10.14.2.0/derby-10.14.2.0.jar
java.vendor=Oracle Corporation
java.runtime.version=11.0.10+8-LTS-162
user.dir=C:\Users\User\Downloads\interstella-discovery
os.name=Windows 10
os.arch=amd64
os.version=10.0
derby.system.home=null
Database Class Loader started - derby.database.classpath=''
----------------------------------------------------------------
Wed Oct 20 11:13:44 CAT 2021:
Shutting down instance e8364592-017c-9ce1-02a5-000010c90200 on database directory memory:C:\Users\User\Downloads\interstella-discovery\discovery\interstella_db with class loader jdk.internal.loader.ClassLoaders$AppClassLoader@77556fd 
----------------------------------------------------------------
Wed Oct 20 11:13:46 CAT 2021:
Booting Derby version The Apache Software Foundation - Apache Derby - 10.14.2.0 - (1828579): instance 58c2464f-017c-9ce1-02a5-000010c90200 
on database directory memory:C:\Users\User\Downloads\interstella-discovery\discovery\interstella_db with class loader jdk.internal.loader.ClassLoaders$AppClassLoader@77556fd 
Loaded from file:/C:/Users/User/.m2/repository/org/apache/derby/derby/10.14.2.0/derby-10.14.2.0.jar
java.vendor=Oracle Corporation
java.runtime.version=11.0.10+8-LTS-162
user.dir=C:\Users\User\Downloads\interstella-discovery
os.name=Windows 10
os.arch=amd64
os.version=10.0
derby.system.home=null
Database Class Loader started - derby.database.classpath=''
----------------------------------------------------------------
Wed Oct 20 11:16:10 CAT 2021:
Shutting down instance 58c2464f-017c-9ce1-02a5-000010c90200 on database directory memory:C:\Users\User\Downloads\interstella-discovery\discovery\interstella_db with class loader jdk.internal.loader.ClassLoaders$AppClassLoader@77556fd 
----------------------------------------------------------------
Wed Oct 20 11:16:11 CAT 2021:
Booting Derby version The Apache Software Foundation - Apache Derby - 10.14.2.0 - (1828579): instance c1db87b4-017c-9ce1-02a5-000010c90200 
on database directory memory:C:\Users\User\Downloads\interstella-discovery\discovery\interstella_db with class loader jdk.internal.loader.ClassLoaders$AppClassLoader@77556fd 
Loaded from file:/C:/Users/User/.m2/repository/org/apache/derby/derby/10.14.2.0/derby-10.14.2.0.jar
java.vendor=Oracle Corporation
java.runtime.version=11.0.10+8-LTS-162
user.dir=C:\Users\User\Downloads\interstella-discovery
os.name=Windows 10
os.arch=amd64
os.version=10.0
derby.system.home=null
Database Class Loader started - derby.database.classpath=''
----------------------------------------------------------------
Wed Oct 20 11:16:16 CAT 2021:
Shutting down instance c1db87b4-017c-9ce1-02a5-000010c90200 on database directory memory:C:\Users\User\Downloads\interstella-discovery\discovery\interstella_db with class loader jdk.internal.loader.ClassLoaders$AppClassLoader@77556fd 
